[2026-06-12T14:24:40.542175+00:00] collector run
source=<none> fetched=0 matched=0
error=Invalid RSS config JSON: C:\Users\kakal\AppData\Local\Temp\social_collector_rss_test\rss_sources.json: Unexpected UTF-8 BOM (decode using utf-8-sig): line 1 column 1 (char 0)
[2026-06-12T14:25:03.158437+00:00] collector run
source=rss:本地RSS测试 fetched=2 matched=2
[2026-06-12T14:25:41.428895+00:00] collector run
source=csv:sample_posts.csv fetched=6 matched=6
[2026-06-12T14:25:41.468592+00:00] collector run
source=rss:本地RSS测试 fetched=2 matched=1
[2026-06-12T14:34:23.830469+00:00] collector run
webpage_urls_file=C:\Users\kakal\AppData\Local\Temp\social_collector_webpage_test\urls.txt webpage_urls=3 webpage_success=2
source=webpage:urls fetched=2 matched=1
error=webpage failed file:///C:/Users/kakal/AppData/Local/Temp/social_collector_webpage_test/missing.html: Fetch failed: <urlopen error [WinError 2] 系统找不到指定的文件。: 'C:\\Users\\kakal\\AppData\\Local\\Temp\\social_collector_webpage_test\\missing.html'>
[2026-06-12T14:35:01.157843+00:00] collector run
webpage_urls_file=C:\Users\kakal\AppData\Local\Temp\social_collector_webpage_test\urls.txt webpage_urls=3 webpage_success=2
source=webpage:urls fetched=2 matched=1
error=webpage failed file:///C:/Users/kakal/AppData/Local/Temp/social_collector_webpage_test/missing.html: Fetch failed: <urlopen error [WinError 2] 系统找不到指定的文件。: 'C:\\Users\\kakal\\AppData\\Local\\Temp\\social_collector_webpage_test\\missing.html'>
[2026-06-12T14:35:18.333889+00:00] collector run
webpage_urls_file=C:\Users\kakal\AppData\Local\Temp\social_collector_webpage_ascii_test\urls.txt webpage_urls=2 webpage_success=2
source=webpage:urls fetched=2 matched=1
[2026-06-12T14:35:31.966397+00:00] collector run
source=csv:sample_posts.csv fetched=6 matched=6
[2026-06-13T02:19:56.138318+00:00] collector run
source=csv:test_data/sample_posts.csv fetched=3 matched=0
source=csv:test_data\sample_posts.csv fetched=0 matched=2
[2026-06-13T02:19:56.235313+00:00] collector run
source=csv:E:\users\kaka\onedrive\文档\投资分析程序\test_data\sample_posts.csv fetched=3 matched=2
[2026-06-13T02:20:31.764496+00:00] collector run
source=csv:E:\users\kaka\onedrive\文档\投资分析程序\test_data\sample_posts.csv fetched=3 matched=2
[2026-06-13T02:45:48.505596+00:00] collector run
source=csv:test_data/sample_posts.csv fetched=3 matched=0
source=csv:test_data\sample_posts.csv fetched=0 matched=2
[2026-06-13T02:45:49.142871+00:00] collector run
source=csv:E:\users\kaka\onedrive\文档\投资分析程序\test_data\chinese_posts.csv fetched=4 matched=4
[2026-06-13T02:45:49.149205+00:00] collector run
source=csv:E:\users\kaka\onedrive\文档\投资分析程序\test_data\sample_posts.csv fetched=3 matched=2
[2026-06-13T02:45:49.174182+00:00] collector run
source=rss:missing-rss fetched=0 matched=0
error=rss:missing-rss file:///C:/Users/kakal/AppData/Local/Temp/tmp98pz8kyi/missing.xml: Fetch failed: <urlopen error [WinError 2] 系统找不到指定的文件。: 'C:\\Users\\kakal\\AppData\\Local\\Temp\\tmp98pz8kyi\\missing.xml'>
error=all RSS sources failed; no social posts generated
[2026-06-13T02:45:49.225428+00:00] collector run
webpage_urls_file=C:\Users\kakal\AppData\Local\Temp\tmpoxgvrseq\urls.txt webpage_urls=1 webpage_success=0
source=webpage:urls fetched=0 matched=0
error=webpage failed file:///C:/Users/kakal/AppData/Local/Temp/tmpoxgvrseq/missing.html: Fetch failed: <urlopen error [WinError 2] 系统找不到指定的文件。: 'C:\\Users\\kakal\\AppData\\Local\\Temp\\tmpoxgvrseq\\missing.html'>
error=all webpage URLs failed; no social posts generated
[2026-06-13T02:46:23.673549+00:00] collector run
source=csv:E:\users\kaka\onedrive\文档\投资分析程序\test_data\chinese_posts.csv fetched=4 matched=4
[2026-06-13T02:46:23.680045+00:00] collector run
source=csv:E:\users\kaka\onedrive\文档\投资分析程序\test_data\sample_posts.csv fetched=3 matched=2
[2026-06-13T02:46:23.699403+00:00] collector run
source=rss:missing-rss fetched=0 matched=0
error=rss:missing-rss file:///C:/Users/kakal/AppData/Local/Temp/tmpfymbg2mv/missing.xml: Fetch failed: <urlopen error [WinError 2] 系统找不到指定的文件。: 'C:\\Users\\kakal\\AppData\\Local\\Temp\\tmpfymbg2mv\\missing.xml'>
error=all RSS sources failed; no social posts generated
[2026-06-13T02:46:23.749998+00:00] collector run
webpage_urls_file=C:\Users\kakal\AppData\Local\Temp\tmpi4cieaae\urls.txt webpage_urls=1 webpage_success=0
source=webpage:urls fetched=0 matched=0
error=webpage failed file:///C:/Users/kakal/AppData/Local/Temp/tmpi4cieaae/missing.html: Fetch failed: <urlopen error [WinError 2] 系统找不到指定的文件。: 'C:\\Users\\kakal\\AppData\\Local\\Temp\\tmpi4cieaae\\missing.html'>
error=all webpage URLs failed; no social posts generated
[2026-06-13T02:47:01.000780+00:00] collector run
source=csv:E:\users\kaka\onedrive\文档\投资分析程序\test_data\chinese_posts.csv fetched=4 matched=4
[2026-06-13T02:47:01.007390+00:00] collector run
source=csv:E:\users\kaka\onedrive\文档\投资分析程序\test_data\sample_posts.csv fetched=3 matched=2
[2026-06-13T02:47:01.027917+00:00] collector run
source=rss:missing-rss fetched=0 matched=0
error=rss:missing-rss file:///C:/Users/kakal/AppData/Local/Temp/tmp8e34x81d/missing.xml: Fetch failed: <urlopen error [WinError 2] 系统找不到指定的文件。: 'C:\\Users\\kakal\\AppData\\Local\\Temp\\tmp8e34x81d\\missing.xml'>
error=all RSS sources failed; no social posts generated
[2026-06-13T02:47:01.077296+00:00] collector run
webpage_urls_file=C:\Users\kakal\AppData\Local\Temp\tmp0zok00wb\urls.txt webpage_urls=1 webpage_success=0
source=webpage:urls fetched=0 matched=0
error=webpage failed file:///C:/Users/kakal/AppData/Local/Temp/tmp0zok00wb/missing.html: Fetch failed: <urlopen error [WinError 2] 系统找不到指定的文件。: 'C:\\Users\\kakal\\AppData\\Local\\Temp\\tmp0zok00wb\\missing.html'>
error=all webpage URLs failed; no social posts generated
[2026-06-13T02:54:48.255367+00:00] collector run
source=csv:test_data/chinese_posts.csv fetched=4 matched=0
source=csv:test_data\chinese_posts.csv fetched=0 matched=4
[2026-06-13T02:56:43.995264+00:00] collector run
source=csv:E:\users\kaka\onedrive\文档\投资分析程序\test_data\chinese_posts.csv fetched=4 matched=4
[2026-06-13T02:56:44.004652+00:00] collector run
source=csv:E:\users\kaka\onedrive\文档\投资分析程序\test_data\sample_posts.csv fetched=3 matched=2
[2026-06-13T02:56:44.025708+00:00] collector run
source=rss:missing-rss fetched=0 matched=0
error=rss:missing-rss file:///C:/Users/kakal/AppData/Local/Temp/tmphmm2ewlh/missing.xml: Fetch failed: <urlopen error [WinError 2] 系统找不到指定的文件。: 'C:\\Users\\kakal\\AppData\\Local\\Temp\\tmphmm2ewlh\\missing.xml'>
error=all RSS sources failed; no social posts generated
[2026-06-13T02:56:44.079649+00:00] collector run
webpage_urls_file=C:\Users\kakal\AppData\Local\Temp\tmp9egusujg\urls.txt webpage_urls=1 webpage_success=0
source=webpage:urls fetched=0 matched=0
error=webpage failed file:///C:/Users/kakal/AppData/Local/Temp/tmp9egusujg/missing.html: Fetch failed: <urlopen error [WinError 2] 系统找不到指定的文件。: 'C:\\Users\\kakal\\AppData\\Local\\Temp\\tmp9egusujg\\missing.html'>
error=all webpage URLs failed; no social posts generated
[2026-06-13T02:57:06.137693+00:00] collector run
source=csv:test_data/chinese_posts.csv fetched=4 matched=0
source=csv:test_data\chinese_posts.csv fetched=0 matched=4
[2026-06-13T02:57:06.220289+00:00] collector run
source=csv:E:\users\kaka\onedrive\文档\投资分析程序\test_data\chinese_posts.csv fetched=4 matched=4
[2026-06-13T02:57:06.228030+00:00] collector run
source=csv:E:\users\kaka\onedrive\文档\投资分析程序\test_data\sample_posts.csv fetched=3 matched=2
[2026-06-13T02:57:06.251191+00:00] collector run
source=rss:missing-rss fetched=0 matched=0
error=rss:missing-rss file:///C:/Users/kakal/AppData/Local/Temp/tmpuvkwvapw/missing.xml: Fetch failed: <urlopen error [WinError 2] 系统找不到指定的文件。: 'C:\\Users\\kakal\\AppData\\Local\\Temp\\tmpuvkwvapw\\missing.xml'>
error=all RSS sources failed; no social posts generated
[2026-06-13T02:57:06.302877+00:00] collector run
webpage_urls_file=C:\Users\kakal\AppData\Local\Temp\tmp35rk9qhc\urls.txt webpage_urls=1 webpage_success=0
source=webpage:urls fetched=0 matched=0
error=webpage failed file:///C:/Users/kakal/AppData/Local/Temp/tmp35rk9qhc/missing.html: Fetch failed: <urlopen error [WinError 2] 系统找不到指定的文件。: 'C:\\Users\\kakal\\AppData\\Local\\Temp\\tmp35rk9qhc\\missing.html'>
error=all webpage URLs failed; no social posts generated
[2026-06-13T02:58:30.707925+00:00] collector run
source=csv:E:\users\kaka\onedrive\文档\投资分析程序\test_data\chinese_posts.csv fetched=4 matched=4
[2026-06-13T02:58:30.715505+00:00] collector run
source=csv:E:\users\kaka\onedrive\文档\投资分析程序\test_data\sample_posts.csv fetched=3 matched=2
[2026-06-13T02:58:30.736551+00:00] collector run
source=rss:missing-rss fetched=0 matched=0
error=rss:missing-rss file:///C:/Users/kakal/AppData/Local/Temp/tmp438nhenr/missing.xml: Fetch failed: <urlopen error [WinError 2] 系统找不到指定的文件。: 'C:\\Users\\kakal\\AppData\\Local\\Temp\\tmp438nhenr\\missing.xml'>
error=all RSS sources failed; no social posts generated
[2026-06-13T02:58:30.787423+00:00] collector run
webpage_urls_file=C:\Users\kakal\AppData\Local\Temp\tmpe2qb9k5y\urls.txt webpage_urls=1 webpage_success=0
source=webpage:urls fetched=0 matched=0
error=webpage failed file:///C:/Users/kakal/AppData/Local/Temp/tmpe2qb9k5y/missing.html: Fetch failed: <urlopen error [WinError 2] 系统找不到指定的文件。: 'C:\\Users\\kakal\\AppData\\Local\\Temp\\tmpe2qb9k5y\\missing.html'>
error=all webpage URLs failed; no social posts generated
[2026-06-13T03:01:45.329682+00:00] collector run
source=csv:E:\users\kaka\onedrive\文档\投资分析程序\test_data\sample_posts.csv fetched=3 matched=0
[2026-06-13T03:01:58.849219+00:00] collector run
source=csv:E:\users\kaka\onedrive\文档\投资分析程序\test_data\sample_posts.csv fetched=3 matched=0
[2026-06-13T03:02:14.410274+00:00] collector run
source=csv:E:\users\kaka\onedrive\文档\投资分析程序\test_data\sample_posts.csv fetched=3 matched=0
[2026-06-13T03:02:22.908820+00:00] collector run
source=csv:E:\users\kaka\onedrive\文档\投资分析程序\test_data\sample_posts.csv fetched=3 matched=2
[2026-06-13T03:04:19.905832+00:00] collector run
source=csv:E:\users\kaka\onedrive\文档\投资分析程序\test_data\sample_posts.csv fetched=3 matched=2
[2026-06-13T03:04:19.925805+00:00] collector run
source=csv:E:\users\kaka\onedrive\文档\投资分析程序\test_data\chinese_posts.csv fetched=4 matched=4
[2026-06-13T03:04:19.933389+00:00] collector run
source=csv:E:\users\kaka\onedrive\文档\投资分析程序\test_data\sample_posts.csv fetched=3 matched=2
[2026-06-13T03:04:19.953359+00:00] collector run
source=rss:missing-rss fetched=0 matched=0
error=rss:missing-rss file:///C:/Users/kakal/AppData/Local/Temp/tmp02x1krdo/missing.xml: Fetch failed: <urlopen error [WinError 2] 系统找不到指定的文件。: 'C:\\Users\\kakal\\AppData\\Local\\Temp\\tmp02x1krdo\\missing.xml'>
error=all RSS sources failed; no social posts generated
[2026-06-13T03:04:20.007256+00:00] collector run
webpage_urls_file=C:\Users\kakal\AppData\Local\Temp\tmphwj_ze84\urls.txt webpage_urls=1 webpage_success=0
source=webpage:urls fetched=0 matched=0
error=webpage failed file:///C:/Users/kakal/AppData/Local/Temp/tmphwj_ze84/missing.html: Fetch failed: <urlopen error [WinError 2] 系统找不到指定的文件。: 'C:\\Users\\kakal\\AppData\\Local\\Temp\\tmphwj_ze84\\missing.html'>
error=all webpage URLs failed; no social posts generated
[2026-06-13T03:04:59.327459+00:00] collector run
source=csv:E:\users\kaka\onedrive\文档\投资分析程序\test_data\sample_posts.csv fetched=3 matched=2
[2026-06-13T03:05:06.543654+00:00] collector run
source=csv:E:\users\kaka\onedrive\文档\投资分析程序\test_data\sample_posts.csv fetched=3 matched=0
[2026-06-13T03:09:19.160298+00:00] collector run
source=csv:E:\users\kaka\onedrive\文档\投资分析程序\test_data\sample_posts.csv fetched=3 matched=2
[2026-06-13T03:09:19.181865+00:00] collector run
source=csv:E:\users\kaka\onedrive\文档\投资分析程序\test_data\sample_posts.csv fetched=3 matched=0
[2026-06-13T03:09:19.215863+00:00] collector run
source=csv:E:\users\kaka\onedrive\文档\投资分析程序\test_data\sample_posts.csv fetched=3 matched=2
[2026-06-13T03:09:47.164003+00:00] collector run
source=csv:E:\users\kaka\onedrive\文档\投资分析程序\test_data\sample_posts.csv fetched=3 matched=2
[2026-06-13T03:09:53.023349+00:00] collector run
source=csv:E:\users\kaka\onedrive\文档\投资分析程序\test_data\sample_posts.csv fetched=3 matched=0
[2026-06-13T03:09:53.043978+00:00] collector run
source=csv:E:\users\kaka\onedrive\文档\投资分析程序\test_data\sample_posts.csv fetched=3 matched=0
[2026-06-13T03:10:03.562234+00:00] collector run
source=csv:E:\users\kaka\onedrive\文档\投资分析程序\test_data\chinese_posts.csv fetched=4 matched=4
[2026-06-13T03:10:03.570286+00:00] collector run
source=csv:E:\users\kaka\onedrive\文档\投资分析程序\test_data\sample_posts.csv fetched=3 matched=2
[2026-06-13T03:10:03.591363+00:00] collector run
source=rss:missing-rss fetched=0 matched=0
error=rss:missing-rss file:///C:/Users/kakal/AppData/Local/Temp/tmpo_hjqp5y/missing.xml: Fetch failed: <urlopen error [WinError 2] 系统找不到指定的文件。: 'C:\\Users\\kakal\\AppData\\Local\\Temp\\tmpo_hjqp5y\\missing.xml'>
error=all RSS sources failed; no social posts generated
[2026-06-13T03:10:03.646513+00:00] collector run
webpage_urls_file=C:\Users\kakal\AppData\Local\Temp\tmpkwgb_h4l\urls.txt webpage_urls=1 webpage_success=0
source=webpage:urls fetched=0 matched=0
error=webpage failed file:///C:/Users/kakal/AppData/Local/Temp/tmpkwgb_h4l/missing.html: Fetch failed: <urlopen error [WinError 2] 系统找不到指定的文件。: 'C:\\Users\\kakal\\AppData\\Local\\Temp\\tmpkwgb_h4l\\missing.html'>
error=all webpage URLs failed; no social posts generated
[2026-06-13T03:37:14.108380+00:00] collector run
source=csv:E:\users\kaka\onedrive\文档\投资分析程序\test_data\chinese_posts.csv fetched=4 matched=4
[2026-06-13T03:37:14.116125+00:00] collector run
source=csv:E:\users\kaka\onedrive\文档\投资分析程序\test_data\sample_posts.csv fetched=3 matched=2
[2026-06-13T03:37:14.135700+00:00] collector run
source=rss:missing-rss fetched=0 matched=0
error=rss:missing-rss file:///C:/Users/kakal/AppData/Local/Temp/tmp8p4wepdj/missing.xml: Fetch failed: <urlopen error [WinError 2] 系统找不到指定的文件。: 'C:\\Users\\kakal\\AppData\\Local\\Temp\\tmp8p4wepdj\\missing.xml'>
error=all RSS sources failed; no social posts generated
[2026-06-13T03:37:14.185603+00:00] collector run
webpage_urls_file=C:\Users\kakal\AppData\Local\Temp\tmpyksrkpp6\urls.txt webpage_urls=1 webpage_success=0
source=webpage:urls fetched=0 matched=0
error=webpage failed file:///C:/Users/kakal/AppData/Local/Temp/tmpyksrkpp6/missing.html: Fetch failed: <urlopen error [WinError 2] 系统找不到指定的文件。: 'C:\\Users\\kakal\\AppData\\Local\\Temp\\tmpyksrkpp6\\missing.html'>
error=all webpage URLs failed; no social posts generated
[2026-06-13T03:38:44.148426+00:00] collector run
source=csv:E:\users\kaka\onedrive\文档\投资分析程序\test_data\chinese_posts.csv fetched=4 matched=4
[2026-06-13T03:38:44.157949+00:00] collector run
source=csv:E:\users\kaka\onedrive\文档\投资分析程序\test_data\sample_posts.csv fetched=3 matched=2
[2026-06-13T03:38:44.178185+00:00] collector run
source=rss:missing-rss fetched=0 matched=0
error=rss:missing-rss file:///C:/Users/kakal/AppData/Local/Temp/tmpbgnut9wm/missing.xml: Fetch failed: <urlopen error [WinError 2] 系统找不到指定的文件。: 'C:\\Users\\kakal\\AppData\\Local\\Temp\\tmpbgnut9wm\\missing.xml'>
error=all RSS sources failed; no social posts generated
[2026-06-13T03:38:44.229042+00:00] collector run
webpage_urls_file=C:\Users\kakal\AppData\Local\Temp\tmpeh7tc8t9\urls.txt webpage_urls=1 webpage_success=0
source=webpage:urls fetched=0 matched=0
error=webpage failed file:///C:/Users/kakal/AppData/Local/Temp/tmpeh7tc8t9/missing.html: Fetch failed: <urlopen error [WinError 2] 系统找不到指定的文件。: 'C:\\Users\\kakal\\AppData\\Local\\Temp\\tmpeh7tc8t9\\missing.html'>
error=all webpage URLs failed; no social posts generated
[2026-06-13T03:39:12.424450+00:00] collector run
source=csv:E:\users\kaka\onedrive\文档\投资分析程序\test_data\sample_posts.csv fetched=3 matched=2
[2026-06-13T03:40:30.845248+00:00] collector run
source=csv:E:\users\kaka\onedrive\文档\投资分析程序\test_data\chinese_posts.csv fetched=4 matched=4
[2026-06-13T03:40:30.853419+00:00] collector run
source=csv:E:\users\kaka\onedrive\文档\投资分析程序\test_data\sample_posts.csv fetched=3 matched=2
[2026-06-13T03:40:30.873871+00:00] collector run
source=rss:missing-rss fetched=0 matched=0
error=rss:missing-rss file:///C:/Users/kakal/AppData/Local/Temp/tmpkz26_5in/missing.xml: Fetch failed: <urlopen error [WinError 2] 系统找不到指定的文件。: 'C:\\Users\\kakal\\AppData\\Local\\Temp\\tmpkz26_5in\\missing.xml'>
error=all RSS sources failed; no social posts generated
[2026-06-13T03:40:30.926151+00:00] collector run
webpage_urls_file=C:\Users\kakal\AppData\Local\Temp\tmpphgqu5s5\urls.txt webpage_urls=1 webpage_success=0
source=webpage:urls fetched=0 matched=0
error=webpage failed file:///C:/Users/kakal/AppData/Local/Temp/tmpphgqu5s5/missing.html: Fetch failed: <urlopen error [WinError 2] 系统找不到指定的文件。: 'C:\\Users\\kakal\\AppData\\Local\\Temp\\tmpphgqu5s5\\missing.html'>
error=all webpage URLs failed; no social posts generated
[2026-06-13T03:40:37.594901+00:00] collector run
source=csv:E:\users\kaka\onedrive\文档\投资分析程序\test_data\sample_posts.csv fetched=3 matched=2
[2026-06-13T03:51:13.188657+00:00] collector run
source=csv:E:\users\kaka\onedrive\文档\投资分析程序\test_data\chinese_posts.csv fetched=4 matched=4
[2026-06-13T03:51:13.196127+00:00] collector run
source=csv:E:\users\kaka\onedrive\文档\投资分析程序\test_data\sample_posts.csv fetched=3 matched=2
[2026-06-13T03:51:13.216354+00:00] collector run
source=rss:missing-rss fetched=0 matched=0
error=rss:missing-rss file:///C:/Users/kakal/AppData/Local/Temp/tmp8rci976o/missing.xml: Fetch failed: <urlopen error [WinError 2] 系统找不到指定的文件。: 'C:\\Users\\kakal\\AppData\\Local\\Temp\\tmp8rci976o\\missing.xml'>
error=all RSS sources failed; no social posts generated
[2026-06-13T03:51:13.268902+00:00] collector run
webpage_urls_file=C:\Users\kakal\AppData\Local\Temp\tmpqufix_hw\urls.txt webpage_urls=1 webpage_success=0
source=webpage:urls fetched=0 matched=0
error=webpage failed file:///C:/Users/kakal/AppData/Local/Temp/tmpqufix_hw/missing.html: Fetch failed: <urlopen error [WinError 2] 系统找不到指定的文件。: 'C:\\Users\\kakal\\AppData\\Local\\Temp\\tmpqufix_hw\\missing.html'>
error=all webpage URLs failed; no social posts generated
[2026-06-13T04:28:55.127865+00:00] collector run
source=csv:E:\users\kaka\onedrive\文档\投资分析程序\test_data\chinese_posts.csv fetched=4 matched=4
[2026-06-13T04:28:55.138063+00:00] collector run
source=csv:E:\users\kaka\onedrive\文档\投资分析程序\test_data\sample_posts.csv fetched=3 matched=2
[2026-06-13T04:28:55.212095+00:00] collector run
source=news:local-news-atom fetched=1 matched=1
source=news:local-news-rss fetched=1 matched=1
[2026-06-13T04:28:55.219303+00:00] collector run
source=rss:missing-rss fetched=0 matched=0
error=rss:missing-rss file:///C:/Users/kakal/AppData/Local/Temp/tmp1c_vu3rg/missing.xml: Fetch failed: <urlopen error [WinError 2] 系统找不到指定的文件。: 'C:\\Users\\kakal\\AppData\\Local\\Temp\\tmp1c_vu3rg\\missing.xml'>
error=all RSS sources failed; no social posts generated
[2026-06-13T04:28:55.232814+00:00] collector run
webpage_urls_file=C:\Users\kakal\AppData\Local\Temp\tmpt6_os5ef\urls.txt webpage_urls=1 webpage_success=0
source=webpage:urls fetched=0 matched=0
error=webpage failed file:///C:/Users/kakal/AppData/Local/Temp/tmpt6_os5ef/missing.html: Fetch failed: <urlopen error [WinError 2] 系统找不到指定的文件。: 'C:\\Users\\kakal\\AppData\\Local\\Temp\\tmpt6_os5ef\\missing.html'>
error=all webpage URLs failed; no social posts generated
[2026-06-13T04:29:29.700219+00:00] collector run
source=news:local-news-atom fetched=1 matched=1
source=news:local-news-rss fetched=1 matched=1
[2026-06-13T04:30:09.929573+00:00] collector run
source=csv:E:\users\kaka\onedrive\文档\投资分析程序\test_data\chinese_posts.csv fetched=4 matched=4
[2026-06-13T04:30:09.937974+00:00] collector run
source=csv:E:\users\kaka\onedrive\文档\投资分析程序\test_data\sample_posts.csv fetched=3 matched=2
[2026-06-13T04:30:10.000261+00:00] collector run
source=news:local-news-atom fetched=1 matched=1
source=news:local-news-rss fetched=1 matched=1
[2026-06-13T04:30:10.007465+00:00] collector run
source=rss:missing-rss fetched=0 matched=0
error=rss:missing-rss file:///C:/Users/kakal/AppData/Local/Temp/tmpzzz_7rh_/missing.xml: Fetch failed: <urlopen error [WinError 2] 系统找不到指定的文件。: 'C:\\Users\\kakal\\AppData\\Local\\Temp\\tmpzzz_7rh_\\missing.xml'>
error=all RSS sources failed; no social posts generated
[2026-06-13T04:30:10.017345+00:00] collector run
webpage_urls_file=C:\Users\kakal\AppData\Local\Temp\tmpnmqrozsh\urls.txt webpage_urls=1 webpage_success=0
source=webpage:urls fetched=0 matched=0
error=webpage failed file:///C:/Users/kakal/AppData/Local/Temp/tmpnmqrozsh/missing.html: Fetch failed: <urlopen error [WinError 2] 系统找不到指定的文件。: 'C:\\Users\\kakal\\AppData\\Local\\Temp\\tmpnmqrozsh\\missing.html'>
error=all webpage URLs failed; no social posts generated
[2026-06-13T05:34:31.899361+00:00] collector run
source=news:CNBC Technology fetched=0 matched=0
source=news:CNBC Top News fetched=0 matched=0
source=news:Google News - 小米集团 1810.HK fetched=0 matched=0
source=news:Google News - 工业富联 601138.SS fetched=0 matched=0
source=news:Google News - 港股科技 fetched=0 matched=0
source=news:Google News - 紫金矿业 2899.HK 601899.SS fetched=0 matched=0
source=news:Google News - 美图 1357.HK fetched=0 matched=0
source=news:Google News - 长飞光纤 6869.HK fetched=0 matched=0
source=news:MINING.com fetched=0 matched=0
source=news:MIT News AI fetched=0 matched=0
source=news:MarketWatch Top Stories fetched=0 matched=0
source=news:NVIDIA Blog fetched=0 matched=0
source=news:Semiconductor Engineering fetched=0 matched=0
source=news:Semiconductor Industry Association fetched=0 matched=0
error=news:MarketWatch Top Stories https://feeds.content.dowjones.io/public/rss/mw_topstories: Fetch failed: <urlopen error [WinError 10013] 以一种访问权限不允许的方式做了一个访问套接字的尝试。>
error=news:CNBC Top News https://www.cnbc.com/id/100003114/device/rss/rss.html: Fetch failed: <urlopen error [WinError 10013] 以一种访问权限不允许的方式做了一个访问套接字的尝试。>
error=news:CNBC Technology https://www.cnbc.com/id/19854910/device/rss/rss.html: Fetch failed: <urlopen error [WinError 10013] 以一种访问权限不允许的方式做了一个访问套接字的尝试。>
error=news:NVIDIA Blog https://blogs.nvidia.com/feed/: Fetch failed: <urlopen error [WinError 10013] 以一种访问权限不允许的方式做了一个访问套接字的尝试。>
error=news:MIT News AI https://news.mit.edu/rss/topic/artificial-intelligence2: Fetch failed: <urlopen error [WinError 10013] 以一种访问权限不允许的方式做了一个访问套接字的尝试。>
error=news:Semiconductor Engineering https://semiengineering.com/feed/: Fetch failed: <urlopen error [WinError 10013] 以一种访问权限不允许的方式做了一个访问套接字的尝试。>
error=news:Semiconductor Industry Association https://www.semiconductors.org/feed/: Fetch failed: <urlopen error [WinError 10013] 以一种访问权限不允许的方式做了一个访问套接字的尝试。>
error=news:MINING.com https://www.mining.com/feed/: Fetch failed: <urlopen error [WinError 10013] 以一种访问权限不允许的方式做了一个访问套接字的尝试。>
error=news:Google News - 小米集团 1810.HK https://news.google.com/rss/search?q=%E5%B0%8F%E7%B1%B3%E9%9B%86%E5%9B%A2%20OR%20%E5%B0%8F%E7%B1%B3%E6%B1%BD%E8%BD%A6%20OR%201810.HK&hl=zh-CN&gl=HK&ceid=HK:zh-Hans: Fetch failed: <urlopen error [WinError 10013] 以一种访问权限不允许的方式做了一个访问套接字的尝试。>
error=news:Google News - 工业富联 601138.SS https://news.google.com/rss/search?q=%E5%B7%A5%E4%B8%9A%E5%AF%8C%E8%81%94%20OR%20%E5%AF%8C%E5%A3%AB%E5%BA%B7%E5%B7%A5%E4%B8%9A%E4%BA%92%E8%81%94%E7%BD%91%20OR%20601138.SS%20OR%20AI%E6%9C%8D%E5%8A%A1%E5%99%A8&hl=zh-CN&gl=CN&ceid=CN:zh-Hans: Fetch failed: <urlopen error [WinError 10013] 以一种访问权限不允许的方式做了一个访问套接字的尝试。>
error=news:Google News - 紫金矿业 2899.HK 601899.SS https://news.google.com/rss/search?q=%E7%B4%AB%E9%87%91%E7%9F%BF%E4%B8%9A%20OR%202899.HK%20OR%20601899.SS%20OR%20%E9%BB%84%E9%87%91%20OR%20%E9%93%9C%E7%9F%BF&hl=zh-CN&gl=HK&ceid=HK:zh-Hans: Fetch failed: <urlopen error [WinError 10013] 以一种访问权限不允许的方式做了一个访问套接字的尝试。>
error=news:Google News - 长飞光纤 6869.HK https://news.google.com/rss/search?q=%E9%95%BF%E9%A3%9E%E5%85%89%E7%BA%A4%20OR%20%E9%95%BF%E9%A3%9E%E5%85%89%E7%BA%A4%E5%85%89%E7%BC%86%20OR%206869.HK%20OR%20%E5%85%89%E7%BA%A4%E5%85%89%E7%BC%86&hl=zh-CN&gl=HK&ceid=HK:zh-Hans: Fetch failed: <urlopen error [WinError 10013] 以一种访问权限不允许的方式做了一个访问套接字的尝试。>
error=news:Google News - 美图 1357.HK https://news.google.com/rss/search?q=%E7%BE%8E%E5%9B%BE%E5%85%AC%E5%8F%B8%20OR%20%E7%BE%8E%E5%9B%BE%20OR%201357.HK%20OR%20AI%E5%9B%BE%E5%83%8F&hl=zh-CN&gl=HK&ceid=HK:zh-Hans: Fetch failed: <urlopen error [WinError 10013] 以一种访问权限不允许的方式做了一个访问套接字的尝试。>
error=news:Google News - 港股科技 https://news.google.com/rss/search?q=%E6%B8%AF%E8%82%A1%E7%A7%91%E6%8A%80%20OR%20%E6%81%92%E7%94%9F%E7%A7%91%E6%8A%80%20OR%20%E6%B8%AF%E8%82%A1AI&hl=zh-CN&gl=HK&ceid=HK:zh-Hans: Fetch failed: <urlopen error [WinError 10013] 以一种访问权限不允许的方式做了一个访问套接字的尝试。>
error=all news sources failed; no social posts generated
[2026-06-13T05:35:17.956981+00:00] collector run
source=news:CNBC Technology fetched=30 matched=0
source=news:CNBC Top News fetched=30 matched=0
source=news:Google News - 小米集团 1810.HK fetched=100 matched=100
source=news:Google News - 工业富联 601138.SS fetched=100 matched=97
source=news:Google News - 港股科技 fetched=100 matched=3
source=news:Google News - 紫金矿业 2899.HK 601899.SS fetched=100 matched=162
source=news:Google News - 美图 1357.HK fetched=100 matched=0
source=news:Google News - 长飞光纤 6869.HK fetched=100 matched=5
source=news:MINING.com fetched=36 matched=0
source=news:MIT News AI fetched=50 matched=0
source=news:MarketWatch Top Stories fetched=10 matched=0
source=news:NVIDIA Blog fetched=18 matched=0
source=news:Semiconductor Engineering fetched=10 matched=0
source=news:Semiconductor Industry Association fetched=0 matched=0
error=news:Semiconductor Industry Association https://www.semiconductors.org/feed/: RSS XML parse failed: not well-formed (invalid token): line 18, column 42
[2026-06-13T05:41:36.872388+00:00] collector run
source=news:CNBC Technology fetched=30 matched=0
source=news:CNBC Top News fetched=30 matched=0
source=news:Google News - 东鹏饮料 605499.SS fetched=100 matched=98
source=news:Google News - 小米集团 1810.HK fetched=100 matched=100
source=news:Google News - 工业富联 601138.SS fetched=100 matched=97
source=news:Google News - 港股科技 fetched=100 matched=3
source=news:Google News - 紫金矿业 2899.HK 601899.SS fetched=100 matched=162
source=news:Google News - 美图 1357.HK fetched=100 matched=2
source=news:Google News - 长飞光纤 6869.HK fetched=100 matched=5
source=news:MINING.com fetched=36 matched=0
source=news:MIT News AI fetched=50 matched=0
source=news:MarketWatch Top Stories fetched=10 matched=0
source=news:NVIDIA Blog fetched=18 matched=0
source=news:Semiconductor Engineering fetched=10 matched=0
[2026-06-13T05:43:13.553427+00:00] collector run
source=news:CNBC Technology fetched=30 matched=0
source=news:CNBC Top News fetched=30 matched=0
source=news:Google News - 东鹏饮料 605499.SS fetched=100 matched=98
source=news:Google News - 小米集团 1810.HK fetched=100 matched=100
source=news:Google News - 工业富联 601138.SS fetched=100 matched=97
source=news:Google News - 港股科技 fetched=100 matched=3
source=news:Google News - 紫金矿业 2899.HK 601899.SS fetched=100 matched=162
source=news:Google News - 美图 1357.HK fetched=100 matched=4
source=news:Google News - 长飞光纤 6869.HK fetched=100 matched=5
source=news:MINING.com fetched=36 matched=0
source=news:MIT News AI fetched=50 matched=0
source=news:MarketWatch Top Stories fetched=10 matched=0
source=news:NVIDIA Blog fetched=18 matched=0
source=news:Semiconductor Engineering fetched=10 matched=0
[2026-06-13T06:22:10.538501+00:00] collector run
source=csv:E:\users\kaka\onedrive\文档\投资分析程序\test_data\chinese_posts.csv fetched=4 matched=4
[2026-06-13T06:22:10.556640+00:00] collector run
source=csv:E:\users\kaka\onedrive\文档\投资分析程序\test_data\sample_posts.csv fetched=3 matched=2
[2026-06-13T06:22:10.638183+00:00] collector run
source=news:local-news-atom fetched=1 matched=1
source=news:local-news-rss fetched=1 matched=1
[2026-06-13T06:22:10.661550+00:00] collector run
source=rss:missing-rss fetched=0 matched=0
error=rss:missing-rss file:///C:/Users/kakal/AppData/Local/Temp/tmphnxlxcs4/missing.xml: Fetch failed: <urlopen error [WinError 2] 系统找不到指定的文件。: 'C:\\Users\\kakal\\AppData\\Local\\Temp\\tmphnxlxcs4\\missing.xml'>
error=all RSS sources failed; no social posts generated
[2026-06-13T06:22:10.697510+00:00] collector run
webpage_urls_file=C:\Users\kakal\AppData\Local\Temp\tmpexatixyq\urls.txt webpage_urls=1 webpage_success=0
source=webpage:urls fetched=0 matched=0
error=webpage failed file:///C:/Users/kakal/AppData/Local/Temp/tmpexatixyq/missing.html: Fetch failed: <urlopen error [WinError 2] 系统找不到指定的文件。: 'C:\\Users\\kakal\\AppData\\Local\\Temp\\tmpexatixyq\\missing.html'>
error=all webpage URLs failed; no social posts generated
[2026-06-13T06:22:47.284491+00:00] collector run
source=news:CNBC Technology fetched=30 matched=0
source=news:CNBC Top News fetched=30 matched=0
source=news:Google News - 东鹏饮料 605499.SS fetched=100 matched=98
source=news:Google News - 小米集团 1810.HK fetched=100 matched=100
source=news:Google News - 工业富联 601138.SS fetched=100 matched=97
source=news:Google News - 港股科技 fetched=100 matched=3
source=news:Google News - 紫金矿业 2899.HK 601899.SS fetched=100 matched=162
source=news:Google News - 美图 1357.HK fetched=100 matched=4
source=news:Google News - 长飞光纤 6869.HK fetched=100 matched=5
source=news:MINING.com fetched=36 matched=0
source=news:MIT News AI fetched=50 matched=0
source=news:MarketWatch Top Stories fetched=10 matched=0
source=news:NVIDIA Blog fetched=18 matched=0
source=news:Semiconductor Engineering fetched=10 matched=0
[2026-06-13T06:24:13.982497+00:00] collector run
source=csv:E:\users\kaka\onedrive\文档\投资分析程序\test_data\chinese_posts.csv fetched=4 matched=4
[2026-06-13T06:24:14.001470+00:00] collector run
source=csv:E:\users\kaka\onedrive\文档\投资分析程序\test_data\sample_posts.csv fetched=3 matched=2
[2026-06-13T06:24:14.081377+00:00] collector run
source=news:local-news-atom fetched=1 matched=1
source=news:local-news-rss fetched=1 matched=1
[2026-06-13T06:24:14.099168+00:00] collector run
source=rss:missing-rss fetched=0 matched=0
error=rss:missing-rss file:///C:/Users/kakal/AppData/Local/Temp/tmpc93tvfyw/missing.xml: Fetch failed: <urlopen error [WinError 2] 系统找不到指定的文件。: 'C:\\Users\\kakal\\AppData\\Local\\Temp\\tmpc93tvfyw\\missing.xml'>
error=all RSS sources failed; no social posts generated
[2026-06-13T06:24:14.130424+00:00] collector run
webpage_urls_file=C:\Users\kakal\AppData\Local\Temp\tmp1ak5wx0b\urls.txt webpage_urls=1 webpage_success=0
source=webpage:urls fetched=0 matched=0
error=webpage failed file:///C:/Users/kakal/AppData/Local/Temp/tmp1ak5wx0b/missing.html: Fetch failed: <urlopen error [WinError 2] 系统找不到指定的文件。: 'C:\\Users\\kakal\\AppData\\Local\\Temp\\tmp1ak5wx0b\\missing.html'>
error=all webpage URLs failed; no social posts generated
[2026-06-13T06:36:59.923790+00:00] collector run
source=news:CNBC Technology fetched=30 matched=0
source=news:CNBC Top News fetched=30 matched=0
source=news:Google News - 东鹏饮料 605499.SS fetched=100 matched=98
source=news:Google News - 小米集团 1810.HK fetched=100 matched=100
source=news:Google News - 工业富联 601138.SS fetched=100 matched=97
source=news:Google News - 港股科技 fetched=100 matched=3
source=news:Google News - 紫金矿业 2899.HK 601899.SS fetched=100 matched=162
source=news:Google News - 美图 1357.HK fetched=100 matched=4
source=news:Google News - 长飞光纤 6869.HK fetched=100 matched=5
source=news:MINING.com fetched=36 matched=0
source=news:MIT News AI fetched=50 matched=0
source=news:MarketWatch Top Stories fetched=10 matched=0
source=news:NVIDIA Blog fetched=18 matched=0
source=news:Semiconductor Engineering fetched=10 matched=0
